<?xml version="1.0" encoding="UTF-8"?>
<!-- Generated by org.testng.reporters.JUnitReportReporter -->
<testsuite hostname="Lenovo-PC" name="com.smart.service.UserServiceTest" tests="3" failures="0" timestamp="18 Jul 2018 12:16:25 GMT" time="2.442" errors="0">
  <testcase name="testHasMatchUser" time="0.669" classname="com.smart.service.UserServiceTest"/>
  <testcase name="testFindUserByUserName" time="0.928" classname="com.smart.service.UserServiceTest"/>
  <testcase name="testAddLoginLog" time="0.845" classname="com.smart.service.UserServiceTest"/>
</testsuite> <!-- com.smart.service.UserServiceTest -->
